<?xml version="1.0" encoding="UTF-8"?>
<!-- Generated by org.testng.reporters.JUnitReportReporter -->
<testsuite name="com.flipkart.test.FlipkartHomePageTest" tests="1" time="12.384" ignored="0" failures="0" timestamp="05 Jan 2018 06:00:21 GMT" skipped="0" hostname="ICPL12770" errors="0">
  <testcase name="verifyFlipkartTitle" time="12.384" classname="com.flipkart.test.FlipkartHomePageTest"/>
</testsuite> <!-- com.flipkart.test.FlipkartHomePageTest -->
