<?xml version="1.0" encoding="UTF-8"?>
<!-- Generated by org.testng.reporters.JUnitReportReporter -->
<testsuite hostname="ICPL12770" name="com.assigntest.Demo" tests="1" failures="0" timestamp="11 Jan 2018 07:19:42 GMT" time="7.230" errors="0">
  <testcase name="test" time="7.230" classname="com.assigntest.Demo"/>
</testsuite> <!-- com.assigntest.Demo -->
