<?xml version="1.0" encoding="UTF-8"?>
<!-- Generated by org.testng.reporters.JUnitReportReporter -->
<testsuite name="com.assigntest.TestCase" tests="2" time="126.726" ignored="0" failures="0" timestamp="09 Jan 2018 10:04:29 GMT" skipped="0" hostname="ICPL12770" errors="0">
  <testcase name="flightBooking" time="24.258" classname="com.assigntest.TestCase"/>
  <testcase name="flightBooking" time="102.468" classname="com.assigntest.TestCase"/>
</testsuite> <!-- com.assigntest.TestCase -->
