<?xml version="1.0" encoding="UTF-8"?>
<!-- Generated by org.testng.reporters.JUnitReportReporter -->
<testsuite name="com.assigntest.Demo" tests="1" time="11.500" ignored="0" failures="0" timestamp="09 Jan 2018 05:37:44 GMT" skipped="0" hostname="ICPL12770" errors="0">
  <testcase name="test" time="11.500" classname="com.assigntest.Demo"/>
</testsuite> <!-- com.assigntest.Demo -->
