<?xml version="1.0" encoding="UTF-8"?>
<!-- Generated by org.testng.reporters.JUnitReportReporter -->
<testsuite hostname="ICPL12770" name="com.assigntest.TestCase" tests="1" failures="0" timestamp="12 Jan 2018 09:01:28 GMT" time="63.899" errors="0">
  <testcase name="flightBooking" time="63.899" classname="com.assigntest.TestCase"/>
</testsuite> <!-- com.assigntest.TestCase -->
