<?xml version="1.0" encoding="UTF-8"?>
<!-- Generated by org.testng.reporters.JUnitReportReporter -->
<testsuite name="com.assigntest.TestCase" tests="2" time="57.444" ignored="0" failures="0" timestamp="11 Jan 2018 06:33:12 GMT" skipped="0" hostname="ICPL12770" errors="0">
  <testcase name="flightBooking" time="19.732" classname="com.assigntest.TestCase"/>
  <testcase name="flightBooking" time="37.712" classname="com.assigntest.TestCase"/>
</testsuite> <!-- com.assigntest.TestCase -->
