<?xml version="1.0" encoding="UTF-8"?>
<!-- Generated by org.testng.reporters.JUnitReportReporter -->
<testsuite name="com.assigntest.TestCase" tests="1" time="49.636" ignored="0" failures="0" timestamp="09 Jan 2018 05:45:10 GMT" skipped="0" hostname="ICPL12770" errors="0">
  <testcase name="flightBooking" time="49.636" classname="com.assigntest.TestCase"/>
</testsuite> <!-- com.assigntest.TestCase -->
